<?xml version="1.0" encoding="UTF-8"?>
<!-- Generated by org.testng.reporters.JUnitXMLReporter -->
<testsuite ignored="0" hostname="Sushil" failures="0" tests="3" name="Submit Order Test" time="27.716" errors="0" timestamp="2023-01-06T16:34:11 IST">
  <testcase classname="mavenproject.SubmitOrderTest" name="submitOrder" time="6.267"/>
  <testcase classname="mavenproject.SubmitOrderTest" name="submitOrder" time="6.606"/>
  <testcase classname="mavenproject.SubmitOrderTest" name="OrderHistoryTest" time="0.946"/>
</testsuite> <!-- Submit Order Test -->
