<?xml version="1.0" encoding="UTF-8"?>
<!-- Generated by org.testng.reporters.JUnitXMLReporter -->
<testsuite ignored="0" hostname="Sushil" failures="0" tests="3" name="Submit Order Test" time="29.697" errors="0" timestamp="2023-01-09T12:52:07 IST">
  <testcase classname="mavenproject.SubmitOrderTest" name="submitOrder" time="7.4"/>
  <testcase classname="mavenproject.SubmitOrderTest" name="submitOrder" time="6.279"/>
  <testcase classname="mavenproject.SubmitOrderTest" name="OrderHistoryTest" time="1.041"/>
</testsuite> <!-- Submit Order Test -->
